<?xml version="1.0" encoding="UTF-8"?>
<testng-results total="1" passed="1" failed="0" skipped="0">
  <reporter-output>
  </reporter-output>
  <suite started-at="2018-08-09T16:46:58Z" name="Default suite" finished-at="2018-08-09T16:46:58Z" duration-ms="145">
    <groups>
    </groups>
    <test started-at="2018-08-09T16:46:58Z" name="Default test" finished-at="2018-08-09T16:46:58Z" duration-ms="145">
      <class name="com.test.maven.TestTitle">
        <test-method signature="TestTitle()[pri:0, instance:com.test.maven.TestTitle@1190200a]" started-at="2018-08-09T22:16:58Z" name="TestTitle" finished-at="2018-08-09T22:16:58Z" duration-ms="63" status="PASS">
          <reporter-output>
          </reporter-output>
        </test-method> <!-- TestTitle -->
      </class> <!-- com.test.maven.TestTitle -->
    </test> <!-- Default test -->
  </suite> <!-- Default suite -->
</testng-results>
